<?xml version="1.0" encoding="UTF-8"?>
<!-- Generated by org.testng.reporters.JUnitXMLReporter -->
<testsuite ignored="0" hostname="DESKTOP-J9JQ713" failures="0" tests="4" name="Default test" time="1.888" errors="0" timestamp="2023-03-23T16:20:24 IST">
  <testcase classname="genericutilities.DataProviderMethod" name="useData" time="0.01"/>
  <testcase classname="genericutilities.DataProviderMethod" name="useData" time="0.004"/>
  <testcase classname="genericutilities.DataProviderMethod" name="useData" time="0.002"/>
  <testcase classname="genericutilities.DataProviderMethod" name="useData" time="0.004"/>
</testsuite> <!-- Default test -->
