<?xml version="1.0" encoding="UTF-8"?>
<!-- Generated by org.testng.reporters.JUnitXMLReporter -->
<testsuite ignored="10" hostname="DESKTOP-J9JQ713" failures="1" tests="7" name="Test" time="75.847" errors="0" timestamp="2023-03-28T17:30:37 IST">
  <testcase classname="script.TC_integeration_01" name="checkCustomerNamesAreSorted" time="18.905"/>
  <testcase classname="script.TC_010" name="generateInvoice" time="30.321"/>
  <testcase classname="script.TC_001" name="verifyAddedCustomerShowsInUSPDropDown" time="39.891">
    <skipped/>
  </testcase> <!-- verifyAddedCustomerShowsInUSPDropDown -->
  <testcase classname="script.TC_012" name="verifyProductInInventoryAndUserPage" time="46.464"/>
  <testcase classname="script.TC_003" name="verifyCustomerNameShowsInInvoice" time="48.787"/>
  <testcase classname="script.TC_002" name="VerifyUSPAddedCustomerPresentInAdminPage" time="54.571"/>
  <testcase classname="script.TC_001" name="verifyAddedCustomerShowsInUSPDropDown" time="11.055">
    <failure type="java.lang.AssertionError" message="expected [BangaloretW lifeic] but found [BangaloretW lifeicNfs]">
      <![CDATA[java.lang.AssertionError: expected [BangaloretW lifeic] but found [BangaloretW lifeicNfs]
at script.TC_001.verifyAddedCustomerShowsInUSPDropDown(TC_001.java:69)
at java.base/java.util.concurrent.ThreadPoolExecutor.runWorker(ThreadPoolExecutor.java:1136)
at java.base/java.util.concurrent.ThreadPoolExecutor$Worker.run(ThreadPoolExecutor.java:635)
at java.base/java.lang.Thread.run(Thread.java:833)
... Removed 18 stack frames]]>
    </failure>
  </testcase> <!-- verifyAddedCustomerShowsInUSPDropDown -->
  <testcase classname="genericutilities.BaseTest" name="@BeforeSuite createReport" time="0.0">
    <ignored/>
  </testcase> <!-- @BeforeSuite createReport -->
  <testcase classname="genericutilities.BaseTest" name="@AfterSuite publishReport" time="0.0">
    <ignored/>
  </testcase> <!-- @AfterSuite publishReport -->
  <testcase classname="genericutilities.BaseTest" name="@AfterSuite publishReport" time="0.0">
    <ignored/>
  </testcase> <!-- @AfterSuite publishReport -->
  <testcase classname="genericutilities.BaseTest" name="@BeforeSuite createReport" time="0.0">
    <ignored/>
  </testcase> <!-- @BeforeSuite createReport -->
  <testcase classname="genericutilities.BaseTest" name="@BeforeSuite createReport" time="0.0">
    <ignored/>
  </testcase> <!-- @BeforeSuite createReport -->
  <testcase classname="genericutilities.BaseTest" name="@AfterSuite publishReport" time="0.0">
    <ignored/>
  </testcase> <!-- @AfterSuite publishReport -->
  <testcase classname="genericutilities.BaseTest" name="@BeforeSuite createReport" time="0.0">
    <ignored/>
  </testcase> <!-- @BeforeSuite createReport -->
  <testcase classname="genericutilities.BaseTest" name="@AfterSuite publishReport" time="0.0">
    <ignored/>
  </testcase> <!-- @AfterSuite publishReport -->
  <testcase classname="genericutilities.BaseTest" name="@BeforeSuite createReport" time="0.0">
    <ignored/>
  </testcase> <!-- @BeforeSuite createReport -->
  <testcase classname="genericutilities.BaseTest" name="@AfterSuite publishReport" time="0.0">
    <ignored/>
  </testcase> <!-- @AfterSuite publishReport -->
</testsuite> <!-- Test -->
