<?xml version="1.0" encoding="UTF-8"?>
<testng-results ignored="0" total="1" passed="1" failed="0" skipped="0">
  <reporter-output>
  </reporter-output>
  <suite started-at="2023-03-24T13:17:32 IST" name="Default suite" finished-at="2023-03-24T13:17:40 IST" duration-ms="7887">
    <groups>
    </groups>
    <test started-at="2023-03-24T13:17:32 IST" name="Default test" finished-at="2023-03-24T13:17:40 IST" duration-ms="7887">
      <class name="script.TC_integeration_01">
        <test-method is-config="true" signature="createReport()[pri:0, instance:script.TC_integeration_01@8519cb4]" started-at="2023-03-24T13:17:31 IST" name="createReport" finished-at="2023-03-24T13:17:32 IST" duration-ms="482" status="PASS">
          <reporter-output>
          </reporter-output>
        </test-method> <!-- createReport -->
        <test-method is-config="true" signature="openApp(java.lang.reflect.Method,java.lang.String)[pri:0, instance:script.TC_integeration_01@8519cb4]" started-at="2023-03-24T13:17:32 IST" name="openApp" finished-at="2023-03-24T13:17:36 IST" duration-ms="4244" status="PASS">
          <params>
            <param index="0">
              <value>
                <![CDATA[public void script.TC_integeration_01.checkCustomerNamesAreSorted()]]>
              </value>
            </param>
            <param index="1">
              <value>
                <![CDATA[config.properties]]>
              </value>
            </param>
          </params>
          <reporter-output>
          </reporter-output>
        </test-method> <!-- openApp -->
        <test-method signature="checkCustomerNamesAreSorted()[pri:5, instance:script.TC_integeration_01@8519cb4]" started-at="2023-03-24T13:17:36 IST" name="checkCustomerNamesAreSorted" finished-at="2023-03-24T13:17:40 IST" duration-ms="3385" status="PASS">
          <reporter-output>
          </reporter-output>
        </test-method> <!-- checkCustomerNamesAreSorted -->
        <test-method is-config="true" signature="closeApp(org.testng.ITestResult)[pri:0, instance:script.TC_integeration_01@8519cb4]" started-at="2023-03-24T13:17:40 IST" name="closeApp" finished-at="2023-03-24T13:17:40 IST" duration-ms="197" status="PASS">
          <params>
            <param index="0">
              <value>
                <![CDATA[[TestResult name=checkCustomerNamesAreSorted status=SUCCESS method=TC_integeration_01.checkCustomerNamesAreSorted()[pri:5, instance:script.TC_integeration_01@8519cb4] output={null}]]]>
              </value>
            </param>
          </params>
          <reporter-output>
          </reporter-output>
        </test-method> <!-- closeApp -->
        <test-method is-config="true" signature="publishReport()[pri:0, instance:script.TC_integeration_01@8519cb4]" started-at="2023-03-24T13:17:40 IST" name="publishReport" finished-at="2023-03-24T13:17:40 IST" duration-ms="525" status="PASS">
          <reporter-output>
          </reporter-output>
        </test-method> <!-- publishReport -->
      </class> <!-- script.TC_integeration_01 -->
    </test> <!-- Default test -->
  </suite> <!-- Default suite -->
</testng-results>
