<?xml version="1.0" encoding="UTF-8"?>
<testng-results ignored="0" total="4" passed="4" failed="0" skipped="0">
  <reporter-output>
  </reporter-output>
  <suite started-at="2023-03-23T16:20:22 IST" name="Default suite" finished-at="2023-03-23T16:20:24 IST" duration-ms="1888">
    <groups>
    </groups>
    <test started-at="2023-03-23T16:20:22 IST" name="Default test" finished-at="2023-03-23T16:20:24 IST" duration-ms="1888">
      <class name="genericutilities.DataProviderMethod">
        <test-method signature="useData(java.lang.String,java.lang.String,java.lang.String)[pri:0, instance:genericutilities.DataProviderMethod@750e2b97]" started-at="2023-03-23T16:20:24 IST" name="useData" data-provider="getMultipleData" finished-at="2023-03-23T16:20:24 IST" duration-ms="10" status="PASS">
          <params>
            <param index="0">
              <value>
                <![CDATA[A1]]>
              </value>
            </param>
            <param index="1">
              <value>
                <![CDATA[A2]]>
              </value>
            </param>
            <param index="2">
              <value>
                <![CDATA[A3]]>
              </value>
            </param>
          </params>
          <reporter-output>
          </reporter-output>
        </test-method> <!-- useData -->
        <test-method signature="useData(java.lang.String,java.lang.String,java.lang.String)[pri:0, instance:genericutilities.DataProviderMethod@750e2b97]" started-at="2023-03-23T16:20:24 IST" name="useData" data-provider="getMultipleData" finished-at="2023-03-23T16:20:24 IST" duration-ms="4" status="PASS">
          <params>
            <param index="0">
              <value>
                <![CDATA[B1]]>
              </value>
            </param>
            <param index="1">
              <value>
                <![CDATA[B2]]>
              </value>
            </param>
            <param index="2">
              <value>
                <![CDATA[B3]]>
              </value>
            </param>
          </params>
          <reporter-output>
          </reporter-output>
        </test-method> <!-- useData -->
        <test-method signature="useData(java.lang.String,java.lang.String,java.lang.String)[pri:0, instance:genericutilities.DataProviderMethod@750e2b97]" started-at="2023-03-23T16:20:24 IST" name="useData" data-provider="getMultipleData" finished-at="2023-03-23T16:20:24 IST" duration-ms="2" status="PASS">
          <params>
            <param index="0">
              <value>
                <![CDATA[C1]]>
              </value>
            </param>
            <param index="1">
              <value>
                <![CDATA[C2]]>
              </value>
            </param>
            <param index="2">
              <value>
                <![CDATA[C3]]>
              </value>
            </param>
          </params>
          <reporter-output>
          </reporter-output>
        </test-method> <!-- useData -->
        <test-method signature="useData(java.lang.String,java.lang.String,java.lang.String)[pri:0, instance:genericutilities.DataProviderMethod@750e2b97]" started-at="2023-03-23T16:20:24 IST" name="useData" data-provider="getMultipleData" finished-at="2023-03-23T16:20:24 IST" duration-ms="4" status="PASS">
          <params>
            <param index="0">
              <value>
                <![CDATA[D1]]>
              </value>
            </param>
            <param index="1">
              <value>
                <![CDATA[D2]]>
              </value>
            </param>
            <param index="2">
              <value>
                <![CDATA[D3]]>
              </value>
            </param>
          </params>
          <reporter-output>
          </reporter-output>
        </test-method> <!-- useData -->
      </class> <!-- genericutilities.DataProviderMethod -->
    </test> <!-- Default test -->
  </suite> <!-- Default suite -->
</testng-results>
